[debug] [2025-03-10T21:56:05.347Z] ----------------------------------------------------------------------
[debug] [2025-03-10T21:56:05.359Z] Command:       C:\nvm4w\nodejs\node.exe C:\nvm4w\nodejs\node_modules\firebase-tools\lib\bin\firebase.js deploy
[debug] [2025-03-10T21:56:05.359Z] CLI Version:   13.33.0
[debug] [2025-03-10T21:56:05.359Z] Platform:      win32
[debug] [2025-03-10T21:56:05.359Z] Node Version:  v22.14.0
[debug] [2025-03-10T21:56:05.360Z] Time:          Tue Mar 11 2025 03:26:05 GMT+0530 (India Standard Time)
[debug] [2025-03-10T21:56:05.360Z] ----------------------------------------------------------------------
[debug] 
[debug] [2025-03-10T21:56:05.798Z] > command requires scopes: ["email","openid","https://www.googleapis.com/auth/cloudplatformprojects.readonly","https://www.googleapis.com/auth/firebase","https://www.googleapis.com/auth/cloud-platform"]
[debug] [2025-03-10T21:56:05.799Z] > authorizing via signed-in user (midhunnr@gmail.com)
[debug] [2025-03-10T21:56:05.800Z] [iam] checking project klumsiland for permissions ["cloudconfig.configs.get","cloudconfig.configs.update","cloudfunctions.functions.create","cloudfunctions.functions.delete","cloudfunctions.functions.get","cloudfunctions.functions.list","cloudfunctions.functions.update","cloudfunctions.operations.get","datastore.indexes.create","datastore.indexes.delete","datastore.indexes.list","datastore.indexes.update","firebase.projects.get","firebasedatabase.instances.update","firebasehosting.sites.update","firebaserules.releases.create","firebaserules.releases.update","firebaserules.rulesets.create"]
[debug] [2025-03-10T21:56:05.802Z] Checked if tokens are valid: false, expires at: 1741639302683
[debug] [2025-03-10T21:56:05.803Z] Checked if tokens are valid: false, expires at: 1741639302683
[debug] [2025-03-10T21:56:05.803Z] > refreshing access token with scopes: []
[debug] [2025-03-10T21:56:05.805Z] >>> [apiv2][query] POST https://www.googleapis.com/oauth2/v3/token [none]
[debug] [2025-03-10T21:56:05.805Z] >>> [apiv2][body] POST https://www.googleapis.com/oauth2/v3/token [omitted]
[debug] [2025-03-10T21:56:07.509Z] <<< [apiv2][status] POST https://www.googleapis.com/oauth2/v3/token 200
[debug] [2025-03-10T21:56:07.510Z] <<< [apiv2][body] POST https://www.googleapis.com/oauth2/v3/token [omitted]
[debug] [2025-03-10T21:56:07.590Z] >>> [apiv2][query] POST https://cloudresourcemanager.googleapis.com/v1/projects/klumsiland:testIamPermissions [none]
[debug] [2025-03-10T21:56:07.590Z] >>> [apiv2][(partial)header] POST https://cloudresourcemanager.googleapis.com/v1/projects/klumsiland:testIamPermissions x-goog-quota-user=projects/klumsiland
[debug] [2025-03-10T21:56:07.590Z] >>> [apiv2][body] POST https://cloudresourcemanager.googleapis.com/v1/projects/klumsiland:testIamPermissions {"permissions":["cloudconfig.configs.get","cloudconfig.configs.update","cloudfunctions.functions.create","cloudfunctions.functions.delete","cloudfunctions.functions.get","cloudfunctions.functions.list","cloudfunctions.functions.update","cloudfunctions.operations.get","datastore.indexes.create","datastore.indexes.delete","datastore.indexes.list","datastore.indexes.update","firebase.projects.get","firebasedatabase.instances.update","firebasehosting.sites.update","firebaserules.releases.create","firebaserules.releases.update","firebaserules.rulesets.create"]}
[debug] [2025-03-10T21:56:09.251Z] <<< [apiv2][status] POST https://cloudresourcemanager.googleapis.com/v1/projects/klumsiland:testIamPermissions 200
[debug] [2025-03-10T21:56:09.252Z] <<< [apiv2][body] POST https://cloudresourcemanager.googleapis.com/v1/projects/klumsiland:testIamPermissions {"permissions":["cloudconfig.configs.get","cloudconfig.configs.update","cloudfunctions.functions.create","cloudfunctions.functions.delete","cloudfunctions.functions.get","cloudfunctions.functions.list","cloudfunctions.functions.update","cloudfunctions.operations.get","datastore.indexes.create","datastore.indexes.delete","datastore.indexes.list","datastore.indexes.update","firebase.projects.get","firebasedatabase.instances.update","firebasehosting.sites.update","firebaserules.releases.create","firebaserules.releases.update","firebaserules.rulesets.create"]}
[debug] [2025-03-10T21:56:09.253Z] Checked if tokens are valid: true, expires at: 1741647366510
[debug] [2025-03-10T21:56:09.254Z] Checked if tokens are valid: true, expires at: 1741647366510
[debug] [2025-03-10T21:56:09.254Z] >>> [apiv2][query] POST https://iam.googleapis.com/v1/projects/klumsiland/serviceAccounts/klumsiland@appspot.gserviceaccount.com:testIamPermissions [none]
[debug] [2025-03-10T21:56:09.255Z] >>> [apiv2][body] POST https://iam.googleapis.com/v1/projects/klumsiland/serviceAccounts/klumsiland@appspot.gserviceaccount.com:testIamPermissions {"permissions":["iam.serviceAccounts.actAs"]}
[debug] [2025-03-10T21:56:11.238Z] <<< [apiv2][status] POST https://iam.googleapis.com/v1/projects/klumsiland/serviceAccounts/klumsiland@appspot.gserviceaccount.com:testIamPermissions 200
[debug] [2025-03-10T21:56:11.238Z] <<< [apiv2][body] POST https://iam.googleapis.com/v1/projects/klumsiland/serviceAccounts/klumsiland@appspot.gserviceaccount.com:testIamPermissions {"permissions":["iam.serviceAccounts.actAs"]}
[debug] [2025-03-10T21:56:11.241Z] Checked if tokens are valid: true, expires at: 1741647366510
[debug] [2025-03-10T21:56:11.241Z] Checked if tokens are valid: true, expires at: 1741647366510
[debug] [2025-03-10T21:56:11.243Z] >>> [apiv2][query] GET https://firebase.googleapis.com/v1beta1/projects/klumsiland [none]
[debug] [2025-03-10T21:56:12.299Z] <<< [apiv2][status] GET https://firebase.googleapis.com/v1beta1/projects/klumsiland 200
[debug] [2025-03-10T21:56:12.300Z] <<< [apiv2][body] GET https://firebase.googleapis.com/v1beta1/projects/klumsiland {"projectId":"klumsiland","projectNumber":"381084089005","displayName":"KLUMSILAND","name":"projects/klumsiland","resources":{"hostingSite":"klumsiland","realtimeDatabaseInstance":"klumsiland-default-rtdb"},"state":"ACTIVE","etag":"1_dda4e36e-af64-4c3b-be88-4ccb2b73ddbd"}
[debug] [2025-03-10T21:56:12.301Z] Checked if tokens are valid: true, expires at: 1741647366510
[debug] [2025-03-10T21:56:12.302Z] Checked if tokens are valid: true, expires at: 1741647366510
[debug] [2025-03-10T21:56:12.302Z] >>> [apiv2][query] GET https://firebase.googleapis.com/v1beta1/projects/klumsiland [none]
[debug] [2025-03-10T21:56:12.810Z] <<< [apiv2][status] GET https://firebase.googleapis.com/v1beta1/projects/klumsiland 200
[debug] [2025-03-10T21:56:12.811Z] <<< [apiv2][body] GET https://firebase.googleapis.com/v1beta1/projects/klumsiland {"projectId":"klumsiland","projectNumber":"381084089005","displayName":"KLUMSILAND","name":"projects/klumsiland","resources":{"hostingSite":"klumsiland","realtimeDatabaseInstance":"klumsiland-default-rtdb"},"state":"ACTIVE","etag":"1_dda4e36e-af64-4c3b-be88-4ccb2b73ddbd"}
[info] 
[info] === Deploying to 'klumsiland'...
[info] 
[info] i  deploying database, storage, firestore, functions, hosting, remoteconfig 
[info] Running command: npm --prefix "$RESOURCE_DIR" run lint
